<?xml version="1.0" encoding="UTF-8"?>
<!-- Generated by org.testng.reporters.JUnitXMLReporter -->
<testsuite hostname="WKWIN4833400" ignored="0" name="PROD Test" tests="1" failures="1" timestamp="06 May 2019 03:10:50 GMT" time="38.137" errors="0">
  <testcase name="suite" time="38.105" classname="com.sapient.it.Applitools.JeepSuiteApplitools">
    <failure type="org.openqa.selenium.WebDriverException" message="chrome not reachable
  (Session info: chrome=74.0.3729.131)
  (Driver info: chromedriver=74.0.3729.6 (255758eccf3d244491b8a1317aa76e1ce10d57e9-refs/branch-heads/3729@{#29}),platform=Windows NT 10.0.17134 x86_64) (WARNING: The server did not provide any stacktrace information)
Command duration or timeout: 0 milliseconds
Build info: version: &amp;apos;3.141.59&amp;apos;, revision: &amp;apos;e82be7d358&amp;apos;, time: &amp;apos;2018-11-14T08:17:03&amp;apos;
System info: host: &amp;apos;WKWIN4833400&amp;apos;, ip: &amp;apos;10.150.120.86&amp;apos;, os.name: &amp;apos;Windows 10&amp;apos;, os.arch: &amp;apos;amd64&amp;apos;, os.version: &amp;apos;10.0&amp;apos;, java.version: &amp;apos;1.8.0_191&amp;apos;
Driver info: org.openqa.selenium.chrome.ChromeDriver
Capabilities {acceptInsecureCerts: false, acceptSslCerts: false, applicationCacheEnabled: false, browserConnectionEnabled: false, browserName: chrome, chrome: {chromedriverVersion: 74.0.3729.6 (255758eccf3d24..., userDataDir: C:\Users\mohagarw\AppData\L...}, cssSelectorsEnabled: true, databaseEnabled: false, goog:chromeOptions: {debuggerAddress: localhost:61758}, handlesAlerts: true, hasTouchScreen: false, javascriptEnabled: true, locationContextEnabled: true, mobileEmulationEnabled: false, nativeEvents: true, networkConnectionEnabled: false, pageLoadStrategy: normal, platform: XP, platformName: XP, proxy: Proxy(), rotatable: false, setWindowRect: true, strictFileInteractability: false, takesHeapSnapshot: true, takesScreenshot: true, timeouts: {implicit: 0, pageLoad: 300000, script: 30000}, unexpectedAlertBehaviour: ignore, unhandledPromptBehavior: ignore, version: 74.0.3729.131, webStorageEnabled: true}
Session ID: 59f796cc99a37c891a19e882cf9fd7d8">
      <![CDATA[org.openqa.selenium.WebDriverException: chrome not reachable
  (Session info: chrome=74.0.3729.131)
  (Driver info: chromedriver=74.0.3729.6 (255758eccf3d244491b8a1317aa76e1ce10d57e9-refs/branch-heads/3729@{#29}),platform=Windows NT 10.0.17134 x86_64) (WARNING: The server did not provide any stacktrace information)
Command duration or timeout: 0 milliseconds
Build info: version: '3.141.59', revision: 'e82be7d358', time: '2018-11-14T08:17:03'
System info: host: 'WKWIN4833400', ip: '10.150.120.86', os.name: 'Windows 10', os.arch: 'amd64', os.version: '10.0', java.version: '1.8.0_191'
Driver info: org.openqa.selenium.chrome.ChromeDriver
Capabilities {acceptInsecureCerts: false, acceptSslCerts: false, applicationCacheEnabled: false, browserConnectionEnabled: false, browserName: chrome, chrome: {chromedriverVersion: 74.0.3729.6 (255758eccf3d24..., userDataDir: C:\Users\mohagarw\AppData\L...}, cssSelectorsEnabled: true, databaseEnabled: false, goog:chromeOptions: {debuggerAddress: localhost:61758}, handlesAlerts: true, hasTouchScreen: false, javascriptEnabled: true, locationContextEnabled: true, mobileEmulationEnabled: false, nativeEvents: true, networkConnectionEnabled: false, pageLoadStrategy: normal, platform: XP, platformName: XP, proxy: Proxy(), rotatable: false, setWindowRect: true, strictFileInteractability: false, takesHeapSnapshot: true, takesScreenshot: true, timeouts: {implicit: 0, pageLoad: 300000, script: 30000}, unexpectedAlertBehaviour: ignore, unhandledPromptBehavior: ignore, version: 74.0.3729.131, webStorageEnabled: true}
Session ID: 59f796cc99a37c891a19e882cf9fd7d8
at org.openqa.selenium.remote.ErrorHandler.createThrowable(ErrorHandler.java:214)
at org.openqa.selenium.remote.ErrorHandler.throwIfResponseFailed(ErrorHandler.java:166)
at org.openqa.selenium.remote.http.JsonHttpResponseCodec.reconstructValue(JsonHttpResponseCodec.java:40)
at org.openqa.selenium.remote.http.AbstractHttpResponseCodec.decode(AbstractHttpResponseCodec.java:80)
at org.openqa.selenium.remote.http.AbstractHttpResponseCodec.decode(AbstractHttpResponseCodec.java:44)
at org.openqa.selenium.remote.HttpCommandExecutor.execute(HttpCommandExecutor.java:158)
at org.openqa.selenium.remote.service.DriverCommandExecutor.execute(DriverCommandExecutor.java:83)
at org.openqa.selenium.remote.RemoteWebDriver.execute(RemoteWebDriver.java:552)
at org.openqa.selenium.remote.RemoteWebDriver.executeScript(RemoteWebDriver.java:489)
at com.applitools.eyes.selenium.wrappers.EyesWebDriver.executeScript(EyesWebDriver.java:338)
at com.applitools.eyes.selenium.SeleniumJavaScriptExecutor.executeScript(SeleniumJavaScriptExecutor.java:16)
at com.applitools.eyes.selenium.positioning.CssTranslatePositionProvider.setPosition(CssTranslatePositionProvider.java:48)
at com.applitools.eyes.selenium.capture.FullPageCaptureAlgorithm.getStitchedRegion(FullPageCaptureAlgorithm.java:182)
at com.applitools.eyes.selenium.SeleniumEyes.getScreenshot(SeleniumEyes.java:1708)
at com.applitools.eyes.EyesBase.getAppOutputWithScreenshot(EyesBase.java:1351)
at com.applitools.eyes.EyesBase.access$000(EyesBase.java:42)
at com.applitools.eyes.EyesBase$2.getAppOutput(EyesBase.java:1044)
at com.applitools.eyes.MatchWindowTask.tryTakeScreenshot(MatchWindowTask.java:453)
at com.applitools.eyes.MatchWindowTask.retryTakingScreenshot(MatchWindowTask.java:435)
at com.applitools.eyes.MatchWindowTask.takeScreenshot(MatchWindowTask.java:410)
at com.applitools.eyes.MatchWindowTask.matchWindow(MatchWindowTask.java:307)
at com.applitools.eyes.EyesBase.matchWindow(EyesBase.java:803)
at com.applitools.eyes.EyesBase.checkWindowBase(EyesBase.java:743)
at com.applitools.eyes.selenium.SeleniumEyes.check(SeleniumEyes.java:689)
at com.applitools.eyes.selenium.SeleniumEyes.check(SeleniumEyes.java:571)
at com.applitools.eyes.selenium.Eyes.check(Eyes.java:479)
at com.applitools.eyes.selenium.Eyes.checkWindow(Eyes.java:1553)
at com.sapient.it.Applitools.JeepSuiteApplitools.suite(JeepSuiteApplitools.java:52)
... Removed 32 stack frames]]>
    </failure>
  </testcase> <!-- suite -->
</testsuite> <!-- PROD Test -->
