<?xml version="1.0" encoding="UTF-8"?>
<!-- Generated by org.testng.reporters.JUnitReportReporter -->
<testsuite skipped="1" hostname="WKWIN4833400" name="com.sapient.it.Applitools.AlfaRomeoApplitools" tests="2" failures="1" timestamp="30 Apr 2019 12:04:27 GMT" time="154.187" errors="0">
  <testcase name="launchApp" time="154.187" classname="com.sapient.it.Applitools.AlfaRomeoApplitools">
    <failure type="com.applitools.eyes.exceptions.DiffsFoundException" message="Test &#039;WindowJeepSuite&#039; of &#039;JeepSuite&#039; detected differences! See details at: https://eyes.applitools.com/app/batches/00000251845675077514/00000251845675077420?accountId=Q2iNpK2JIUe9tioa2tPoaQ~~">
      <![CDATA[com.applitools.eyes.exceptions.DiffsFoundException: Test 'WindowJeepSuite' of 'JeepSuite' detected differences! See details at: https://eyes.applitools.com/app/batches/00000251845675077514/00000251845675077420?accountId=Q2iNpK2JIUe9tioa2tPoaQ~~
at com.applitools.eyes.EyesBase.close(EyesBase.java:508)
at com.applitools.eyes.selenium.SeleniumEyes.close(SeleniumEyes.java:1904)
at com.applitools.eyes.selenium.Eyes.close(Eyes.java:527)
at com.applitools.eyes.selenium.Eyes.close(Eyes.java:141)
at com.sapient.it.lib.TestNgInitialization.eyeClose(TestNgInitialization.java:151)
at com.sapient.it.lib.TestNgInitialization.launchApp(TestNgInitialization.java:89)
at sun.reflect.NativeMethodAccessorImpl.invoke0(Native Method)
at sun.reflect.NativeMethodAccessorImpl.invoke(NativeMethodAccessorImpl.java:62)
at sun.reflect.DelegatingMethodAccessorImpl.invoke(DelegatingMethodAccessorImpl.java:43)
at java.lang.reflect.Method.invoke(Method.java:498)
at org.testng.internal.MethodInvocationHelper.invokeMethod(MethodInvocationHelper.java:124)
at org.testng.internal.MethodInvocationHelper.invokeMethodConsideringTimeout(MethodInvocationHelper.java:59)
at org.testng.internal.Invoker.invokeConfigurationMethod(Invoker.java:458)
at org.testng.internal.Invoker.invokeConfigurations(Invoker.java:222)
at org.testng.internal.Invoker.invokeMethod(Invoker.java:523)
at org.testng.internal.Invoker.invokeTestMethod(Invoker.java:719)
at org.testng.internal.Invoker.invokeTestMethods(Invoker.java:989)
at org.testng.internal.TestMethodWorker.invokeTestMethods(TestMethodWorker.java:125)
at org.testng.internal.TestMethodWorker.run(TestMethodWorker.java:109)
at org.testng.TestRunner.privateRun(TestRunner.java:648)
at org.testng.TestRunner.run(TestRunner.java:505)
at org.testng.SuiteRunner.runTest(SuiteRunner.java:455)
at org.testng.SuiteRunner.runSequentially(SuiteRunner.java:450)
at org.testng.SuiteRunner.privateRun(SuiteRunner.java:415)
at org.testng.SuiteRunner.run(SuiteRunner.java:364)
at org.testng.SuiteRunnerWorker.runSuite(SuiteRunnerWorker.java:52)
at org.testng.SuiteRunnerWorker.run(SuiteRunnerWorker.java:84)
at org.testng.TestNG.runSuitesSequentially(TestNG.java:1208)
at org.testng.TestNG.runSuitesLocally(TestNG.java:1137)
at org.testng.TestNG.runSuites(TestNG.java:1049)
at org.testng.TestNG.run(TestNG.java:1017)
at org.testng.remote.AbstractRemoteTestNG.run(AbstractRemoteTestNG.java:114)
at org.testng.remote.RemoteTestNG.initAndRun(RemoteTestNG.java:251)
at org.testng.remote.RemoteTestNG.main(RemoteTestNG.java:77)
]]>
    </failure>
  </testcase> <!-- launchApp -->
  <testcase name="jeepSuite" time="0.000" classname="com.sapient.it.Applitools.AlfaRomeoApplitools">
    <skipped/>
  </testcase> <!-- jeepSuite -->
</testsuite> <!-- com.sapient.it.Applitools.AlfaRomeoApplitools -->
